<?xml version="1.0" encoding="UTF-8"?>
<!-- Generated by org.testng.reporters.JUnitReportReporter -->
<testsuite skipped="0" hostname="ip-172-31-30-62" name="RestAPIBDD.GetRequest" tests="1" failures="0" timestamp="03 Dec 2021 12:11:25 GMT" time="1.413" errors="0">
  <testcase name="GetCall" time="1.413" classname="RestAPIBDD.GetRequest"/>
</testsuite> <!-- RestAPIBDD.GetRequest -->
